Started GET "/" for 192.168.128.1 at 2023-09-19 20:33:25 +0000
Cannot render console from 192.168.128.1! Allowed networks: 127.0.0.0/127.255.255.255, ::1
  [1m[35m (17.8ms)[0m  [1m[35mCREATE TABLE "schema_migrations" ("version" character varying NOT NULL PRIMARY KEY)[0m
  [1m[35m (7.2ms)[0m  [1m[35mCREATE TABLE "ar_internal_metadata" ("key" character varying NOT NULL PRIMARY KEY, "value" character varying, "created_at" timestamp(6) NOT NULL, "updated_at" timestamp(6) NOT NULL)[0m
  [1m[36mActiveRecord::SchemaMigration Pluck (3.2ms)[0m  [1m[34mSELECT "schema_migrations"."version" FROM "schema_migrations" ORDER BY "schema_migrations"."version" ASC[0m
  
ActiveRecord::PendingMigrationError (

Migrations are pending. To resolve this issue, run:

        bin/rails db:migrate RAILS_ENV=development

You have 6 pending migrations:

20220131150512_create_users.rb
20220131213834_add_devise_to_users.rb
20220216210359_create_categories.rb
20220216211616_create_active_storage_tables.active_storage.rb
20220217172915_create_records.rb
20220218082404_create_category_records.rb


):
  
activerecord (7.0.1) lib/active_record/migration.rb:627:in `check_pending!'
activerecord (7.0.1) lib/active_record/migration.rb:592:in `block (2 levels) in call'
activesupport (7.0.1) lib/active_support/file_update_checker.rb:83:in `execute'
activerecord (7.0.1) lib/active_record/migration.rb:597:in `block in call'
activerecord (7.0.1) lib/active_record/migration.rb:589:in `synchronize'
activerecord (7.0.1) lib/active_record/migration.rb:589:in `call'
actionpack (7.0.1) lib/action_dispatch/middleware/callbacks.rb:27:in `block in call'
activesupport (7.0.1) lib/active_support/callbacks.rb:99:in `run_callbacks'
actionpack (7.0.1) lib/action_dispatch/middleware/callbacks.rb:26:in `call'
actionpack (7.0.1) lib/action_dispatch/middleware/executor.rb:14:in `call'
actionpack (7.0.1) lib/action_dispatch/middleware/actionable_exceptions.rb:17:in `call'
actionpack (7.0.1) lib/action_dispatch/middleware/debug_exceptions.rb:28:in `call'
web-console (4.2.0) lib/web_console/middleware.rb:132:in `call_app'
web-console (4.2.0) lib/web_console/middleware.rb:19:in `block in call'
web-console (4.2.0) lib/web_console/middleware.rb:17:in `catch'
web-console (4.2.0) lib/web_console/middleware.rb:17:in `call'
actionpack (7.0.1) lib/action_dispatch/middleware/show_exceptions.rb:26:in `call'
railties (7.0.1) lib/rails/rack/logger.rb:36:in `call_app'
railties (7.0.1) lib/rails/rack/logger.rb:25:in `block in call'
activesupport (7.0.1) lib/active_support/tagged_logging.rb:99:in `block in tagged'
activesupport (7.0.1) lib/active_support/tagged_logging.rb:37:in `tagged'
activesupport (7.0.1) lib/active_support/tagged_logging.rb:99:in `tagged'
railties (7.0.1) lib/rails/rack/logger.rb:25:in `call'
sprockets-rails (3.4.2) lib/sprockets/rails/quiet_assets.rb:13:in `call'
actionpack (7.0.1) lib/action_dispatch/middleware/remote_ip.rb:93:in `call'
actionpack (7.0.1) lib/action_dispatch/middleware/request_id.rb:26:in `call'
rack (2.2.3) lib/rack/method_override.rb:24:in `call'
rack (2.2.3) lib/rack/runtime.rb:22:in `call'
activesupport (7.0.1) lib/active_support/cache/strategy/local_cache_middleware.rb:29:in `call'
actionpack (7.0.1) lib/action_dispatch/middleware/server_timing.rb:20:in `call'
actionpack (7.0.1) lib/action_dispatch/middleware/executor.rb:14:in `call'
actionpack (7.0.1) lib/action_dispatch/middleware/static.rb:23:in `call'
rack (2.2.3) lib/rack/sendfile.rb:110:in `call'
actionpack (7.0.1) lib/action_dispatch/middleware/host_authorization.rb:137:in `call'
railties (7.0.1) lib/rails/engine.rb:530:in `call'
puma (5.6.1) lib/puma/configuration.rb:252:in `call'
puma (5.6.1) lib/puma/request.rb:77:in `block in handle_request'
puma (5.6.1) lib/puma/thread_pool.rb:340:in `with_force_shutdown'
puma (5.6.1) lib/puma/request.rb:76:in `handle_request'
puma (5.6.1) lib/puma/server.rb:441:in `process_client'
puma (5.6.1) lib/puma/thread_pool.rb:147:in `block in spawn_thread'
  [1m[35m (0.5ms)[0m  [1m[34mSELECT pg_try_advisory_lock(7844428722021899175)[0m
  [1m[36mActiveRecord::SchemaMigration Pluck (0.4ms)[0m  [1m[34mSELECT "schema_migrations"."version" FROM "schema_migrations" ORDER BY "schema_migrations"."version" ASC[0m
Migrating to CreateUsers (20220131150512)
  [1m[36mTRANSACTION (0.3ms)[0m  [1m[35mBEGIN[0m
  [1m[35m (11.4ms)[0m  [1m[35mCREATE TABLE "users" ("id" bigserial primary key, "name" character varying, "created_at" timestamp(6) NOT NULL, "updated_at" timestamp(6) NOT NULL)[0m
  [1m[36mActiveRecord::SchemaMigration Create (1.6ms)[0m  [1m[32mINSERT INTO "schema_migrations" ("version") VALUES ($1) RETURNING "version"[0m  [["version", "20220131150512"]]
  [1m[36mTRANSACTION (2.5ms)[0m  [1m[35mCOMMIT[0m
Migrating to AddDeviseToUsers (20220131213834)
  [1m[36mTRANSACTION (0.4ms)[0m  [1m[35mBEGIN[0m
  [1m[35m (4.0ms)[0m  [1m[35mALTER TABLE "users" ADD "email" character varying DEFAULT '' NOT NULL[0m
  [1m[35m (1.8ms)[0m  [1m[35mALTER TABLE "users" ADD "encrypted_password" character varying DEFAULT '' NOT NULL[0m
  [1m[35m (0.7ms)[0m  [1m[35mALTER TABLE "users" ADD "reset_password_token" character varying[0m
  [1m[35m (0.5ms)[0m  [1m[35mALTER TABLE "users" ADD "reset_password_sent_at" timestamp(6)[0m
  [1m[35m (1.5ms)[0m  [1m[35mALTER TABLE "users" ADD "remember_created_at" timestamp(6)[0m
  [1m[35m (0.8ms)[0m  [1m[35mALTER TABLE "users" ADD "confirmation_token" character varying[0m
  [1m[35m (0.3ms)[0m  [1m[35mALTER TABLE "users" ADD "confirmed_at" timestamp(6)[0m
  [1m[35m (0.3ms)[0m  [1m[35mALTER TABLE "users" ADD "confirmation_sent_at" timestamp(6)[0m
  [1m[35m (0.5ms)[0m  [1m[35mALTER TABLE "users" ADD "unconfirmed_email" character varying[0m
  [1m[35m (2.3ms)[0m  [1m[35mCREATE UNIQUE INDEX "index_users_on_email" ON "users" ("email")[0m
  [1m[35m (1.8ms)[0m  [1m[35mCREATE UNIQUE INDEX "index_users_on_reset_password_token" ON "users" ("reset_password_token")[0m
  [1m[36mActiveRecord::SchemaMigration Create (0.8ms)[0m  [1m[32mINSERT INTO "schema_migrations" ("version") VALUES ($1) RETURNING "version"[0m  [["version", "20220131213834"]]
  [1m[36mTRANSACTION (3.6ms)[0m  [1m[35mCOMMIT[0m
Migrating to CreateCategories (20220216210359)
  [1m[36mTRANSACTION (0.4ms)[0m  [1m[35mBEGIN[0m
  [1m[35m (13.0ms)[0m  [1m[35mCREATE TABLE "categories" ("id" bigserial primary key, "name" character varying, "user_id" bigint NOT NULL, "created_at" timestamp(6) NOT NULL, "updated_at" timestamp(6) NOT NULL, CONSTRAINT "fk_rails_b8e2f7adfc"
FOREIGN KEY ("user_id")
  REFERENCES "users" ("id")
)[0m
  [1m[35m (4.1ms)[0m  [1m[35mCREATE INDEX "index_categories_on_user_id" ON "categories" ("user_id")[0m
  [1m[36mActiveRecord::SchemaMigration Create (0.5ms)[0m  [1m[32mINSERT INTO "schema_migrations" ("version") VALUES ($1) RETURNING "version"[0m  [["version", "20220216210359"]]
  [1m[36mTRANSACTION (2.7ms)[0m  [1m[35mCOMMIT[0m
Migrating to CreateActiveStorageTables (20220216211616)
  [1m[36mTRANSACTION (0.4ms)[0m  [1m[35mBEGIN[0m
  [1m[35m (6.7ms)[0m  [1m[35mCREATE TABLE "active_storage_blobs" ("id" bigserial primary key, "key" character varying NOT NULL, "filename" character varying NOT NULL, "content_type" character varying, "metadata" text, "service_name" character varying NOT NULL, "byte_size" bigint NOT NULL, "checksum" character varying, "created_at" timestamp(6) NOT NULL)[0m
  [1m[35m (1.4ms)[0m  [1m[35mCREATE UNIQUE INDEX "index_active_storage_blobs_on_key" ON "active_storage_blobs" ("key")[0m
  [1m[35m (4.0ms)[0m  [1m[35mCREATE TABLE "active_storage_attachments" ("id" bigserial primary key, "name" character varying NOT NULL, "record_type" character varying NOT NULL, "record_id" bigint NOT NULL, "blob_id" bigint NOT NULL, "created_at" timestamp(6) NOT NULL, CONSTRAINT "fk_rails_c3b3935057"
FOREIGN KEY ("blob_id")
  REFERENCES "active_storage_blobs" ("id")
)[0m
  [1m[35m (1.4ms)[0m  [1m[35mCREATE INDEX "index_active_storage_attachments_on_blob_id" ON "active_storage_attachments" ("blob_id")[0m
  [1m[35m (2.1ms)[0m  [1m[35mCREATE UNIQUE INDEX "index_active_storage_attachments_uniqueness" ON "active_storage_attachments" ("record_type", "record_id", "name", "blob_id")[0m
  [1m[35m (8.7ms)[0m  [1m[35mCREATE TABLE "active_storage_variant_records" ("id" bigserial primary key, "blob_id" bigint NOT NULL, "variation_digest" character varying NOT NULL, CONSTRAINT "fk_rails_993965df05"
FOREIGN KEY ("blob_id")
  REFERENCES "active_storage_blobs" ("id")
)[0m
  [1m[35m (2.3ms)[0m  [1m[35mCREATE UNIQUE INDEX "index_active_storage_variant_records_uniqueness" ON "active_storage_variant_records" ("blob_id", "variation_digest")[0m
  [1m[36mActiveRecord::SchemaMigration Create (0.3ms)[0m  [1m[32mINSERT INTO "schema_migrations" ("version") VALUES ($1) RETURNING "version"[0m  [["version", "20220216211616"]]
  [1m[36mTRANSACTION (0.7ms)[0m  [1m[35mCOMMIT[0m
Migrating to CreateRecords (20220217172915)
  [1m[36mTRANSACTION (1.3ms)[0m  [1m[35mBEGIN[0m
  [1m[35m (13.0ms)[0m  [1m[35mCREATE TABLE "records" ("id" bigserial primary key, "name" character varying, "amount" decimal, "user_id" bigint NOT NULL, "created_at" timestamp(6) NOT NULL, "updated_at" timestamp(6) NOT NULL, CONSTRAINT "fk_rails_9ba3ba9afc"
FOREIGN KEY ("user_id")
  REFERENCES "users" ("id")
)[0m
  [1m[35m (6.4ms)[0m  [1m[35mCREATE INDEX "index_records_on_user_id" ON "records" ("user_id")[0m
  [1m[36mActiveRecord::SchemaMigration Create (1.4ms)[0m  [1m[32mINSERT INTO "schema_migrations" ("version") VALUES ($1) RETURNING "version"[0m  [["version", "20220217172915"]]
  [1m[36mTRANSACTION (2.2ms)[0m  [1m[35mCOMMIT[0m
Migrating to CreateCategoryRecords (20220218082404)
  [1m[36mTRANSACTION (0.3ms)[0m  [1m[35mBEGIN[0m
  [1m[35m (4.9ms)[0m  [1m[35mCREATE TABLE "category_records" ("id" bigserial primary key, "category_id" bigint NOT NULL, "record_id" bigint NOT NULL, "created_at" timestamp(6) NOT NULL, "updated_at" timestamp(6) NOT NULL, CONSTRAINT "fk_rails_4f0e53a8b8"
FOREIGN KEY ("category_id")
  REFERENCES "categories" ("id")
, CONSTRAINT "fk_rails_4c59ecf5bd"
FOREIGN KEY ("record_id")
  REFERENCES "records" ("id")
)[0m
  [1m[35m (5.0ms)[0m  [1m[35mCREATE INDEX "index_category_records_on_category_id" ON "category_records" ("category_id")[0m
  [1m[35m (5.7ms)[0m  [1m[35mCREATE INDEX "index_category_records_on_record_id" ON "category_records" ("record_id")[0m
  [1m[36mActiveRecord::SchemaMigration Create (1.2ms)[0m  [1m[32mINSERT INTO "schema_migrations" ("version") VALUES ($1) RETURNING "version"[0m  [["version", "20220218082404"]]
  [1m[36mTRANSACTION (1.6ms)[0m  [1m[35mCOMMIT[0m
  [1m[36mActiveRecord::InternalMetadata Load (0.4ms)[0m  [1m[34mSELECT "ar_internal_metadata".* FROM "ar_internal_metadata" WHERE "ar_internal_metadata"."key" = $1 LIMIT $2[0m  [["key", "environment"], ["LIMIT", 1]]
  [1m[36mTRANSACTION (1.1ms)[0m  [1m[35mBEGIN[0m
  [1m[36mActiveRecord::InternalMetadata Create (4.1ms)[0m  [1m[32mINSERT INTO "ar_internal_metadata" ("key", "value", "created_at", "updated_at") VALUES ($1, $2, $3, $4) RETURNING "key"[0m  [["key", "environment"], ["value", "development"], ["created_at", "2023-09-19 20:37:32.865929"], ["updated_at", "2023-09-19 20:37:32.865929"]]
  [1m[36mTRANSACTION (2.0ms)[0m  [1m[35mCOMMIT[0m
  [1m[35m (2.2ms)[0m  [1m[34mSELECT pg_advisory_unlock(7844428722021899175)[0m
  [1m[36mActiveRecord::SchemaMigration Pluck (0.7ms)[0m  [1m[34mSELECT "schema_migrations"."version" FROM "schema_migrations" ORDER BY "schema_migrations"."version" ASC[0m
Started GET "/" for 192.168.128.1 at 2023-09-19 20:37:44 +0000
Cannot render console from 192.168.128.1! Allowed networks: 127.0.0.0/127.255.255.255, ::1
  [1m[36mActiveRecord::SchemaMigration Pluck (0.3ms)[0m  [1m[34mSELECT "schema_migrations"."version" FROM "schema_migrations" ORDER BY "schema_migrations"."version" ASC[0m
Processing by SplashController#index as HTML
  Rendering layout layouts/application.html.erb
  Rendering splash/index.html.erb within layouts/application
  Rendered splash/index.html.erb within layouts/application (Duration: 1.5ms | Allocations: 495)
  Rendered layout layouts/application.html.erb (Duration: 309.4ms | Allocations: 113436)
Completed 200 OK in 322ms (Views: 311.1ms | ActiveRecord: 0.0ms | Allocations: 120302)


  
ActionController::RoutingError (No route matches [GET] "/assets/font-awesome-sprockets"):
  
  
ActionController::RoutingError (No route matches [GET] "/assets/font-awesome"):
  
Started GET "/users/sign_up" for 192.168.128.1 at 2023-09-19 20:37:51 +0000
Cannot render console from 192.168.128.1! Allowed networks: 127.0.0.0/127.255.255.255, ::1
Processing by Devise::RegistrationsController#new as HTML
  Rendering layout layouts/application.html.erb
  Rendering devise/registrations/new.html.erb within layouts/application
  Rendered devise/shared/_error_messages.html.erb (Duration: 2.7ms | Allocations: 421)
  Rendered devise/shared/_links.html.erb (Duration: 1.7ms | Allocations: 1178)
  Rendered devise/registrations/new.html.erb within layouts/application (Duration: 47.0ms | Allocations: 10248)
  Rendered layout layouts/application.html.erb (Duration: 51.8ms | Allocations: 12483)
Completed 200 OK in 80ms (Views: 54.4ms | ActiveRecord: 6.0ms | Allocations: 27942)


Started POST "/users" for 192.168.128.1 at 2023-09-19 20:38:10 +0000
Cannot render console from 192.168.128.1! Allowed networks: 127.0.0.0/127.255.255.255, ::1
Processing by Devise::RegistrationsController#create as HTML
  Parameters: {"authenticity_token"=>"[FILTERED]", "user"=>{"name"=>"Kislay", "email"=>"iezkislay@gmail.com", "password"=>"[FILTERED]", "password_confirmation"=>"[FILTERED]", "posts_counter"=>"0"}, "commit"=>"Sign up"}
[31mUnpermitted parameter: :posts_counter. Context: { controller: Devise::RegistrationsController, action: create, request: #<ActionDispatch::Request:0x00007f899fda3830>, params: {"authenticity_token"=>"[FILTERED]", "user"=>{"name"=>"Kislay", "email"=>"iezkislay@gmail.com", "password"=>"[FILTERED]", "password_confirmation"=>"[FILTERED]", "posts_counter"=>"0"}, "commit"=>"Sign up", "controller"=>"devise/registrations", "action"=>"create"} }[0m
  [1m[36mTRANSACTION (0.3ms)[0m  [1m[35mBEGIN[0m
  [1m[36mUser Exists? (0.9ms)[0m  [1m[34mSELECT 1 AS one FROM "users" WHERE "users"."email" = $1 LIMIT $2[0m  [["email", "iezkislay@gmail.com"], ["LIMIT", 1]]
  [1m[36mUser Create (0.7ms)[0m  [1m[32mINSERT INTO "users" ("name", "created_at", "updated_at", "email", "encrypted_password", "reset_password_token", "reset_password_sent_at", "remember_created_at", "confirmation_token", "confirmed_at", "confirmation_sent_at", "unconfirmed_email") VALUES ($1, $2, $3, $4, $5, $6, $7, $8, $9, $10, $11, $12) RETURNING "id"[0m  [["name", "Kislay"], ["created_at", "2023-09-19 20:38:10.535726"], ["updated_at", "2023-09-19 20:38:10.535726"], ["email", "iezkislay@gmail.com"], ["encrypted_password", "$2a$12$D4c.PjDrbKPk4iRbLVoQkewQsej4qQntYgEXnLBqNHNjEdQFAZ3hS"], ["reset_password_token", nil], ["reset_password_sent_at", nil], ["remember_created_at", nil], ["confirmation_token", nil], ["confirmed_at", nil], ["confirmation_sent_at", nil], ["unconfirmed_email", nil]]
  [1m[36mTRANSACTION (0.9ms)[0m  [1m[35mCOMMIT[0m
Redirected to http://localhost:3000/
Completed 302 Found in 209ms (ActiveRecord: 2.8ms | Allocations: 11514)


Started GET "/" for 192.168.128.1 at 2023-09-19 20:38:10 +0000
Cannot render console from 192.168.128.1! Allowed networks: 127.0.0.0/127.255.255.255, ::1
  [1m[36mUser Load (1.0ms)[0m  [1m[34mSELECT "users".* FROM "users" WHERE "users"."id" = $1 ORDER BY "users"."id" ASC LIMIT $2[0m  [["id", 1], ["LIMIT", 1]]
Processing by CategoriesController#index as HTML
  Rendering layout layouts/application.html.erb
  Rendering categories/index.html.erb within layouts/application
  [1m[36mCategory Load (0.5ms)[0m  [1m[34mSELECT "categories".* FROM "categories" WHERE "categories"."user_id" = $1[0m  [["user_id", 1]]
  ↳ app/views/categories/index.html.erb:12
  Rendered categories/index.html.erb within layouts/application (Duration: 8.7ms | Allocations: 3558)
  Rendered layout layouts/application.html.erb (Duration: 11.5ms | Allocations: 5792)
Completed 200 OK in 66ms (Views: 13.0ms | ActiveRecord: 1.6ms | Allocations: 22423)


  
ActionController::RoutingError (No route matches [GET] "/assets/font-awesome"):
  
  
ActionController::RoutingError (No route matches [GET] "/assets/font-awesome-sprockets"):
  
Started GET "/users/sign_out" for 192.168.128.1 at 2023-09-19 20:38:21 +0000
Cannot render console from 192.168.128.1! Allowed networks: 127.0.0.0/127.255.255.255, ::1
Processing by Devise::SessionsController#destroy as HTML
  [1m[36mUser Load (0.8ms)[0m  [1m[34mSELECT "users".* FROM "users" WHERE "users"."id" = $1 ORDER BY "users"."id" ASC LIMIT $2[0m  [["id", 1], ["LIMIT", 1]]
Redirected to http://localhost:3000/
Completed 302 Found in 15ms (ActiveRecord: 0.8ms | Allocations: 3389)


Started GET "/" for 192.168.128.1 at 2023-09-19 20:38:21 +0000
Cannot render console from 192.168.128.1! Allowed networks: 127.0.0.0/127.255.255.255, ::1
Processing by SplashController#index as HTML
  Rendering layout layouts/application.html.erb
  Rendering splash/index.html.erb within layouts/application
  Rendered splash/index.html.erb within layouts/application (Duration: 0.6ms | Allocations: 122)
  Rendered layout layouts/application.html.erb (Duration: 4.7ms | Allocations: 2286)
Completed 200 OK in 6ms (Views: 5.4ms | ActiveRecord: 0.0ms | Allocations: 2606)


Started GET "/users/sign_in" for 192.168.128.1 at 2023-09-19 20:38:22 +0000
Cannot render console from 192.168.128.1! Allowed networks: 127.0.0.0/127.255.255.255, ::1
Processing by Devise::SessionsController#new as HTML
  Rendering layout layouts/application.html.erb
  Rendering devise/sessions/new.html.erb within layouts/application
  Rendered devise/shared/_links.html.erb (Duration: 1.1ms | Allocations: 532)
  Rendered devise/sessions/new.html.erb within layouts/application (Duration: 5.3ms | Allocations: 2790)
  Rendered layout layouts/application.html.erb (Duration: 8.5ms | Allocations: 5008)
Completed 200 OK in 11ms (Views: 10.1ms | ActiveRecord: 0.0ms | Allocations: 6426)


Started POST "/users/sign_in" for 192.168.128.1 at 2023-09-19 20:38:30 +0000
Cannot render console from 192.168.128.1! Allowed networks: 127.0.0.0/127.255.255.255, ::1
Processing by Devise::SessionsController#create as HTML
  Parameters: {"authenticity_token"=>"[FILTERED]", "user"=>{"email"=>"iezkislay@gmail.com", "password"=>"[FILTERED]", "remember_me"=>"0"}, "commit"=>"Log in"}
  [1m[36mUser Load (0.4ms)[0m  [1m[34mSELECT "users".* FROM "users" WHERE "users"."email" = $1 ORDER BY "users"."id" ASC LIMIT $2[0m  [["email", "iezkislay@gmail.com"], ["LIMIT", 1]]
Redirected to http://localhost:3000/
Completed 302 Found in 187ms (ActiveRecord: 0.4ms | Allocations: 3201)


Started GET "/" for 192.168.128.1 at 2023-09-19 20:38:30 +0000
Cannot render console from 192.168.128.1! Allowed networks: 127.0.0.0/127.255.255.255, ::1
  [1m[36mUser Load (0.5ms)[0m  [1m[34mSELECT "users".* FROM "users" WHERE "users"."id" = $1 ORDER BY "users"."id" ASC LIMIT $2[0m  [["id", 1], ["LIMIT", 1]]
Processing by CategoriesController#index as HTML
  Rendering layout layouts/application.html.erb
  Rendering categories/index.html.erb within layouts/application
  [1m[36mCategory Load (0.5ms)[0m  [1m[34mSELECT "categories".* FROM "categories" WHERE "categories"."user_id" = $1[0m  [["user_id", 1]]
  ↳ app/views/categories/index.html.erb:12
  Rendered categories/index.html.erb within layouts/application (Duration: 3.9ms | Allocations: 784)
  Rendered layout layouts/application.html.erb (Duration: 9.2ms | Allocations: 2905)
Completed 200 OK in 12ms (Views: 9.6ms | ActiveRecord: 0.5ms | Allocations: 3774)


  
ActionController::RoutingError (No route matches [GET] "/assets/font-awesome-sprockets"):
  
  
ActionController::RoutingError (No route matches [GET] "/assets/font-awesome"):
  
Started GET "/categories/new" for 192.168.128.1 at 2023-09-19 20:38:32 +0000
Cannot render console from 192.168.128.1! Allowed networks: 127.0.0.0/127.255.255.255, ::1
Processing by CategoriesController#new as HTML
  [1m[36mUser Load (0.7ms)[0m  [1m[34mSELECT "users".* FROM "users" WHERE "users"."id" = $1 ORDER BY "users"."id" ASC LIMIT $2[0m  [["id", 1], ["LIMIT", 1]]
  Rendering layout layouts/application.html.erb
  Rendering categories/new.html.erb within layouts/application
  Rendered categories/_form.html.erb (Duration: 6.1ms | Allocations: 1601)
  Rendered categories/new.html.erb within layouts/application (Duration: 11.6ms | Allocations: 2091)
  Rendered layout layouts/application.html.erb (Duration: 25.0ms | Allocations: 4233)
Completed 200 OK in 51ms (Views: 30.1ms | ActiveRecord: 2.1ms | Allocations: 8861)


Started POST "/categories" for 192.168.128.1 at 2023-09-19 20:39:09 +0000
Cannot render console from 192.168.128.1! Allowed networks: 127.0.0.0/127.255.255.255, ::1
Processing by CategoriesController#create as TURBO_STREAM
  Parameters: {"authenticity_token"=>"[FILTERED]", "category"=>{"name"=>"Nothing", "image"=>#<ActionDispatch::Http::UploadedFile:0x00007f899e5227e8 @tempfile=#<Tempfile:/tmp/RackMultipart20230919-1-rzz9z.jpg>, @original_filename="school kid.jpg", @content_type="image/jpeg", @headers="Content-Disposition: form-data; name=\"category[image]\"; filename=\"school kid.jpg\"\r\nContent-Type: image/jpeg\r\n">}, "commit"=>"save"}
  [1m[36mUser Load (1.0ms)[0m  [1m[34mSELECT "users".* FROM "users" WHERE "users"."id" = $1 ORDER BY "users"."id" ASC LIMIT $2[0m  [["id", 1], ["LIMIT", 1]]
  [1m[36mTRANSACTION (0.4ms)[0m  [1m[35mBEGIN[0m
  ↳ app/controllers/categories_controller.rb:31:in `block in create'
  [1m[36mCategory Create (1.8ms)[0m  [1m[32mINSERT INTO "categories" ("name", "user_id", "created_at", "updated_at") VALUES ($1, $2, $3, $4) RETURNING "id"[0m  [["name", "Nothing"], ["user_id", 1], ["created_at", "2023-09-19 20:39:09.261698"], ["updated_at", "2023-09-19 20:39:09.261698"]]
  ↳ app/controllers/categories_controller.rb:31:in `block in create'
  [1m[36mActiveStorage::Blob Load (0.7ms)[0m  [1m[34mSELECT "active_storage_blobs".* FROM "active_storage_blobs" INNER JOIN "active_storage_attachments" ON "active_storage_blobs"."id" = "active_storage_attachments"."blob_id" WHERE "active_storage_attachments"."record_id" = $1 AND "active_storage_attachments"."record_type" = $2 AND "active_storage_attachments"."name" = $3 LIMIT $4[0m  [["record_id", 1], ["record_type", "Category"], ["name", "image"], ["LIMIT", 1]]
  ↳ app/controllers/categories_controller.rb:31:in `block in create'
  [1m[36mActiveStorage::Attachment Load (0.4ms)[0m  [1m[34mSELECT "active_storage_attachments".* FROM "active_storage_attachments" WHERE "active_storage_attachments"."record_id" = $1 AND "active_storage_attachments"."record_type" = $2 AND "active_storage_attachments"."name" = $3 LIMIT $4[0m  [["record_id", 1], ["record_type", "Category"], ["name", "image"], ["LIMIT", 1]]
  ↳ app/controllers/categories_controller.rb:31:in `block in create'
  [1m[36mActiveStorage::Blob Create (0.9ms)[0m  [1m[32mINSERT INTO "active_storage_blobs" ("key", "filename", "content_type", "metadata", "service_name", "byte_size", "checksum", "created_at") VALUES ($1, $2, $3, $4, $5, $6, $7, $8) RETURNING "id"[0m  [["key", "rgs93dbj19xnkh1tbh7egbzxv3kp"], ["filename", "school kid.jpg"], ["content_type", "image/jpeg"], ["metadata", "{\"identified\":true}"], ["service_name", "local"], ["byte_size", 46577], ["checksum", "w9JlrHuI4wB9mHXgpV+5Tw=="], ["created_at", "2023-09-19 20:39:09.315364"]]
  ↳ app/controllers/categories_controller.rb:31:in `block in create'
  [1m[36mActiveStorage::Attachment Create (2.8ms)[0m  [1m[32mINSERT INTO "active_storage_attachments" ("name", "record_type", "record_id", "blob_id", "created_at") VALUES ($1, $2, $3, $4, $5) RETURNING "id"[0m  [["name", "image"], ["record_type", "Category"], ["record_id", 1], ["blob_id", 1], ["created_at", "2023-09-19 20:39:09.318994"]]
  ↳ app/controllers/categories_controller.rb:31:in `block in create'
  [1m[36mCategory Update (2.6ms)[0m  [1m[33mUPDATE "categories" SET "updated_at" = $1 WHERE "categories"."id" = $2[0m  [["updated_at", "2023-09-19 20:39:09.325641"], ["id", 1]]
  ↳ app/controllers/categories_controller.rb:31:in `block in create'
  [1m[36mTRANSACTION (1.7ms)[0m  [1m[35mCOMMIT[0m
  ↳ app/controllers/categories_controller.rb:31:in `block in create'
[36m  Disk Storage (1.5ms) [0m[32mUploaded file to key: rgs93dbj19xnkh1tbh7egbzxv3kp (checksum: w9JlrHuI4wB9mHXgpV+5Tw==)[0m
[ActiveJob] Enqueued ActiveStorage::AnalyzeJob (Job ID: 4a39cda8-ec80-4976-a03f-60094af1b18d) to Async(default) with arguments: #<GlobalID:0x00007f89cd557f68 @uri=#<URI::GID gid://budgy/ActiveStorage::Blob/1>>
Redirected to http://localhost:3000/categories
Completed 302 Found in 192ms (ActiveRecord: 18.9ms | Allocations: 48782)


[ActiveJob] [ActiveStorage::AnalyzeJob] [4a39cda8-ec80-4976-a03f-60094af1b18d]   [1m[36mActiveStorage::Blob Load (1.1ms)[0m  [1m[34mSELECT "active_storage_blobs".* FROM "active_storage_blobs" WHERE "active_storage_blobs"."id" = $1 LIMIT $2[0m  [["id", 1], ["LIMIT", 1]]
[ActiveJob] [ActiveStorage::AnalyzeJob] [4a39cda8-ec80-4976-a03f-60094af1b18d] Performing ActiveStorage::AnalyzeJob (Job ID: 4a39cda8-ec80-4976-a03f-60094af1b18d) from Async(default) enqueued at 2023-09-19T20:39:09Z with arguments: #<GlobalID:0x00007f89cd46fec0 @uri=#<URI::GID gid://budgy/ActiveStorage::Blob/1>>
[ActiveJob] [ActiveStorage::AnalyzeJob] [4a39cda8-ec80-4976-a03f-60094af1b18d] [36m  Disk Storage (0.4ms) [0m[34mDownloaded file from key: rgs93dbj19xnkh1tbh7egbzxv3kp[0m
Started GET "/categories" for 192.168.128.1 at 2023-09-19 20:39:09 +0000
Cannot render console from 192.168.128.1! Allowed networks: 127.0.0.0/127.255.255.255, ::1
[ActiveJob] [ActiveStorage::AnalyzeJob] [4a39cda8-ec80-4976-a03f-60094af1b18d] Skipping image analysis because the ruby-vips gem isn't installed
[ActiveJob] [ActiveStorage::AnalyzeJob] [4a39cda8-ec80-4976-a03f-60094af1b18d]   [1m[36mTRANSACTION (0.5ms)[0m  [1m[35mBEGIN[0m
[ActiveJob] [ActiveStorage::AnalyzeJob] [4a39cda8-ec80-4976-a03f-60094af1b18d]   [1m[36mActiveStorage::Blob Update (1.1ms)[0m  [1m[33mUPDATE "active_storage_blobs" SET "metadata" = $1 WHERE "active_storage_blobs"."id" = $2[0m  [["metadata", "{\"identified\":true,\"analyzed\":true}"], ["id", 1]]
[ActiveJob] [ActiveStorage::AnalyzeJob] [4a39cda8-ec80-4976-a03f-60094af1b18d]   [1m[36mTRANSACTION (1.4ms)[0m  [1m[35mCOMMIT[0m
Processing by CategoriesController#index as TURBO_STREAM
[ActiveJob] [ActiveStorage::AnalyzeJob] [4a39cda8-ec80-4976-a03f-60094af1b18d] Performed ActiveStorage::AnalyzeJob (Job ID: 4a39cda8-ec80-4976-a03f-60094af1b18d) from Async(default) in 37.26ms
  [1m[36mUser Load (0.5ms)[0m  [1m[34mSELECT "users".* FROM "users" WHERE "users"."id" = $1 ORDER BY "users"."id" ASC LIMIT $2[0m  [["id", 1], ["LIMIT", 1]]
  Rendering layout layouts/application.html.erb
  Rendering categories/index.html.erb within layouts/application
  [1m[36mCategory Load (1.3ms)[0m  [1m[34mSELECT "categories".* FROM "categories" WHERE "categories"."user_id" = $1[0m  [["user_id", 1]]
  ↳ app/views/categories/index.html.erb:12
  [1m[36mActiveStorage::Attachment Load (0.8ms)[0m  [1m[34mSELECT "active_storage_attachments".* FROM "active_storage_attachments" WHERE "active_storage_attachments"."record_id" = $1 AND "active_storage_attachments"."record_type" = $2 AND "active_storage_attachments"."name" = $3 LIMIT $4[0m  [["record_id", 1], ["record_type", "Category"], ["name", "image"], ["LIMIT", 1]]
  ↳ app/views/categories/_category.html.erb:3
  [1m[36mActiveStorage::Blob Load (0.5ms)[0m  [1m[34mSELECT "active_storage_blobs".* FROM "active_storage_blobs" WHERE "active_storage_blobs"."id" = $1 LIMIT $2[0m  [["id", 1], ["LIMIT", 1]]
  ↳ app/views/categories/_category.html.erb:3
  [1m[36mRecord Sum (1.1ms)[0m  [1m[34mSELECT SUM("records"."amount") FROM "records" INNER JOIN "category_records" ON "records"."id" = "category_records"."record_id" WHERE "category_records"."category_id" = $1[0m  [["category_id", 1]]
  ↳ app/models/category.rb:11:in `total_amount'
  Rendered categories/_category.html.erb (Duration: 44.1ms | Allocations: 11867)
  Rendered categories/index.html.erb within layouts/application (Duration: 51.8ms | Allocations: 13273)
  Rendered layout layouts/application.html.erb (Duration: 54.3ms | Allocations: 15423)
Completed 200 OK in 66ms (Views: 47.1ms | ActiveRecord: 8.5ms | Allocations: 17833)


Started GET "/rails/active_storage/blobs/redirect/eyJfcmFpbHMiOnsibWVzc2FnZSI6IkJBaHBCZz09IiwiZXhwIjpudWxsLCJwdXIiOiJibG9iX2lkIn19--c43c35ec29a2ee8d7104c8511d8db059d9c2dc29/school%20kid.jpg" for 192.168.128.1 at 2023-09-19 20:39:09 +0000
Cannot render console from 192.168.128.1! Allowed networks: 127.0.0.0/127.255.255.255, ::1
Processing by ActiveStorage::Blobs::RedirectController#show as JPEG
  Parameters: {"signed_id"=>"eyJfcmFpbHMiOnsibWVzc2FnZSI6IkJBaHBCZz09IiwiZXhwIjpudWxsLCJwdXIiOiJibG9iX2lkIn19--c43c35ec29a2ee8d7104c8511d8db059d9c2dc29", "filename"=>"school kid"}
  [1m[36mActiveStorage::Blob Load (0.3ms)[0m  [1m[34mSELECT "active_storage_blobs".* FROM "active_storage_blobs" WHERE "active_storage_blobs"."id" = $1 LIMIT $2[0m  [["id", 1], ["LIMIT", 1]]
[36m  Disk Storage (1.4ms) [0m[34mGenerated URL for file at key: rgs93dbj19xnkh1tbh7egbzxv3kp (http://localhost:3000/rails/active_storage/disk/eyJfcmFpbHMiOnsibWVzc2FnZSI6IkJBaDdDVG9JYTJWNVNTSWhjbWR6T1ROa1ltb3hPWGh1YTJneGRHSm9OMlZuWW5wNGRqTnJjQVk2QmtWVU9oQmthWE53YjNOcGRHbHZia2tpU1dsdWJHbHVaVHNnWm1sc1pXNWhiV1U5SW5OamFHOXZiQ0JyYVdRdWFuQm5JanNnWm1sc1pXNWhiV1VxUFZWVVJpMDRKeWR6WTJodmIyd2xNakJyYVdRdWFuQm5CanNHVkRvUlkyOXVkR1Z1ZEY5MGVYQmxTU0lQYVcxaFoyVXZhbkJsWndZN0JsUTZFWE5sY25acFkyVmZibUZ0WlRvS2JHOWpZV3c9IiwiZXhwIjoiMjAyMy0wOS0xOVQyMDo0NDowOS41MjZaIiwicHVyIjoiYmxvYl9rZXkifX0=--342e5ab5dead94a27bbe5edf637a985479898124/school%20kid.jpg)[0m
Redirected to http://localhost:3000/rails/active_storage/disk/eyJfcmFpbHMiOnsibWVzc2FnZSI6IkJBaDdDVG9JYTJWNVNTSWhjbWR6T1ROa1ltb3hPWGh1YTJneGRHSm9OMlZuWW5wNGRqTnJjQVk2QmtWVU9oQmthWE53YjNOcGRHbHZia2tpU1dsdWJHbHVaVHNnWm1sc1pXNWhiV1U5SW5OamFHOXZiQ0JyYVdRdWFuQm5JanNnWm1sc1pXNWhiV1VxUFZWVVJpMDRKeWR6WTJodmIyd2xNakJyYVdRdWFuQm5CanNHVkRvUlkyOXVkR1Z1ZEY5MGVYQmxTU0lQYVcxaFoyVXZhbkJsWndZN0JsUTZFWE5sY25acFkyVmZibUZ0WlRvS2JHOWpZV3c9IiwiZXhwIjoiMjAyMy0wOS0xOVQyMDo0NDowOS41MjZaIiwicHVyIjoiYmxvYl9rZXkifX0=--342e5ab5dead94a27bbe5edf637a985479898124/school%20kid.jpg
Completed 302 Found in 11ms (ActiveRecord: 0.3ms | Allocations: 2967)


Started GET "/rails/active_storage/disk/eyJfcmFpbHMiOnsibWVzc2FnZSI6IkJBaDdDVG9JYTJWNVNTSWhjbWR6T1ROa1ltb3hPWGh1YTJneGRHSm9OMlZuWW5wNGRqTnJjQVk2QmtWVU9oQmthWE53YjNOcGRHbHZia2tpU1dsdWJHbHVaVHNnWm1sc1pXNWhiV1U5SW5OamFHOXZiQ0JyYVdRdWFuQm5JanNnWm1sc1pXNWhiV1VxUFZWVVJpMDRKeWR6WTJodmIyd2xNakJyYVdRdWFuQm5CanNHVkRvUlkyOXVkR1Z1ZEY5MGVYQmxTU0lQYVcxaFoyVXZhbkJsWndZN0JsUTZFWE5sY25acFkyVmZibUZ0WlRvS2JHOWpZV3c9IiwiZXhwIjoiMjAyMy0wOS0xOVQyMDo0NDowOS41MjZaIiwicHVyIjoiYmxvYl9rZXkifX0=--342e5ab5dead94a27bbe5edf637a985479898124/school%20kid.jpg" for 192.168.128.1 at 2023-09-19 20:39:09 +0000
Cannot render console from 192.168.128.1! Allowed networks: 127.0.0.0/127.255.255.255, ::1
Processing by ActiveStorage::DiskController#show as JPEG
  Parameters: {"encoded_key"=>"[FILTERED]", "filename"=>"school kid"}
Completed 200 OK in 2ms (ActiveRecord: 0.0ms | Allocations: 322)


Started GET "/categories/1" for 192.168.128.1 at 2023-09-19 20:39:12 +0000
Cannot render console from 192.168.128.1! Allowed networks: 127.0.0.0/127.255.255.255, ::1
Processing by CategoriesController#show as HTML
  Parameters: {"id"=>"1"}
  [1m[36mCategory Load (0.8ms)[0m  [1m[34mSELECT "categories".* FROM "categories" WHERE "categories"."id" = $1 LIMIT $2[0m  [["id", 1], ["LIMIT", 1]]
  ↳ app/controllers/categories_controller.rb:65:in `set_category'
  [1m[36mUser Load (0.6ms)[0m  [1m[34mSELECT "users".* FROM "users" WHERE "users"."id" = $1 ORDER BY "users"."id" ASC LIMIT $2[0m  [["id", 1], ["LIMIT", 1]]
  [1m[36mCACHE Category Load (0.0ms)[0m  [1m[34mSELECT "categories".* FROM "categories" WHERE "categories"."id" = $1 LIMIT $2[0m  [["id", 1], ["LIMIT", 1]]
  ↳ app/controllers/categories_controller.rb:14:in `show'
  Rendering layout layouts/application.html.erb
  Rendering categories/show.html.erb within layouts/application
  [1m[36mActiveStorage::Attachment Load (0.5ms)[0m  [1m[34mSELECT "active_storage_attachments".* FROM "active_storage_attachments" WHERE "active_storage_attachments"."record_id" = $1 AND "active_storage_attachments"."record_type" = $2 AND "active_storage_attachments"."name" = $3 LIMIT $4[0m  [["record_id", 1], ["record_type", "Category"], ["name", "image"], ["LIMIT", 1]]
  ↳ app/views/categories/_category.html.erb:3
  [1m[36mActiveStorage::Blob Load (0.6ms)[0m  [1m[34mSELECT "active_storage_blobs".* FROM "active_storage_blobs" WHERE "active_storage_blobs"."id" = $1 LIMIT $2[0m  [["id", 1], ["LIMIT", 1]]
  ↳ app/views/categories/_category.html.erb:3
  [1m[36mRecord Sum (0.9ms)[0m  [1m[34mSELECT SUM("records"."amount") FROM "records" INNER JOIN "category_records" ON "records"."id" = "category_records"."record_id" WHERE "category_records"."category_id" = $1[0m  [["category_id", 1]]
  ↳ app/models/category.rb:11:in `total_amount'
  Rendered categories/_category.html.erb (Duration: 16.5ms | Allocations: 2820)
  [1m[36mCACHE Record Sum (0.0ms)[0m  [1m[34mSELECT SUM("records"."amount") FROM "records" INNER JOIN "category_records" ON "records"."id" = "category_records"."record_id" WHERE "category_records"."category_id" = $1[0m  [["category_id", 1]]
  ↳ app/models/category.rb:11:in `total_amount'
  [1m[36mCACHE Record Sum (0.1ms)[0m  [1m[34mSELECT SUM("records"."amount") FROM "records" INNER JOIN "category_records" ON "records"."id" = "category_records"."record_id" WHERE "category_records"."category_id" = $1[0m  [["category_id", 1]]
  ↳ app/models/category.rb:11:in `total_amount'
  [1m[36mRecord Load (0.6ms)[0m  [1m[34mSELECT "records".* FROM "records" INNER JOIN "category_records" ON "records"."id" = "category_records"."record_id" WHERE "category_records"."category_id" = $1 ORDER BY "records"."created_at" DESC[0m  [["category_id", 1]]
  ↳ app/views/categories/show.html.erb:47
  [1m[36mCACHE Record Load (0.0ms)[0m  [1m[34mSELECT "records".* FROM "records" INNER JOIN "category_records" ON "records"."id" = "category_records"."record_id" WHERE "category_records"."category_id" = $1 ORDER BY "records"."created_at" DESC[0m  [["category_id", 1]]
  ↳ app/views/categories/show.html.erb:52
  [1m[36mRecord Load (0.8ms)[0m  [1m[34mSELECT "records".* FROM "records" INNER JOIN "category_records" ON "records"."id" = "category_records"."record_id" WHERE "category_records"."category_id" = $1[0m  [["category_id", 1]]
  ↳ app/views/categories/show.html.erb:66:in `map'
  Rendered categories/show.html.erb within layouts/application (Duration: 37.2ms | Allocations: 8495)
  Rendered layout layouts/application.html.erb (Duration: 42.6ms | Allocations: 10602)
Completed 200 OK in 88ms (Views: 39.7ms | ActiveRecord: 16.8ms | Allocations: 17049)


Started GET "/" for 192.168.128.1 at 2023-09-20 04:27:22 +0000
Cannot render console from 192.168.128.1! Allowed networks: 127.0.0.0/127.255.255.255, ::1
  [1m[36mActiveRecord::SchemaMigration Pluck (1.7ms)[0m  [1m[34mSELECT "schema_migrations"."version" FROM "schema_migrations" ORDER BY "schema_migrations"."version" ASC[0m
Processing by SplashController#index as HTML
  Rendering layout layouts/application.html.erb
  Rendering splash/index.html.erb within layouts/application
  Rendered splash/index.html.erb within layouts/application (Duration: 3.2ms | Allocations: 790)
  Rendered layout layouts/application.html.erb (Duration: 280.3ms | Allocations: 52829)
Completed 200 OK in 309ms (Views: 287.1ms | ActiveRecord: 0.0ms | Allocations: 60852)


  
ActionController::RoutingError (No route matches [GET] "/assets/font-awesome-sprockets"):
  
  
ActionController::RoutingError (No route matches [GET] "/assets/font-awesome"):
  
Started GET "/users/sign_in" for 192.168.128.1 at 2023-09-20 04:27:26 +0000
Cannot render console from 192.168.128.1! Allowed networks: 127.0.0.0/127.255.255.255, ::1
Processing by Devise::SessionsController#new as HTML
  Rendering layout layouts/application.html.erb
  Rendering devise/sessions/new.html.erb within layouts/application
  Rendered devise/shared/_links.html.erb (Duration: 6.8ms | Allocations: 1403)
  Rendered devise/sessions/new.html.erb within layouts/application (Duration: 90.3ms | Allocations: 6380)
  Rendered layout layouts/application.html.erb (Duration: 99.4ms | Allocations: 8614)
Completed 200 OK in 182ms (Views: 106.6ms | ActiveRecord: 21.7ms | Allocations: 23975)


Started POST "/users/sign_in" for 192.168.128.1 at 2023-09-20 04:27:36 +0000
Cannot render console from 192.168.128.1! Allowed networks: 127.0.0.0/127.255.255.255, ::1
Processing by Devise::SessionsController#create as HTML
  Parameters: {"authenticity_token"=>"[FILTERED]", "user"=>{"email"=>"iezkislay@gmail.com", "password"=>"[FILTERED]", "remember_me"=>"0"}, "commit"=>"Log in"}
  [1m[36mUser Load (6.1ms)[0m  [1m[34mSELECT "users".* FROM "users" WHERE "users"."email" = $1 ORDER BY "users"."id" ASC LIMIT $2[0m  [["email", "iezkislay@gmail.com"], ["LIMIT", 1]]
Redirected to http://localhost:3000/
Completed 302 Found in 631ms (ActiveRecord: 6.9ms | Allocations: 6180)


Started GET "/" for 192.168.128.1 at 2023-09-20 04:27:36 +0000
Cannot render console from 192.168.128.1! Allowed networks: 127.0.0.0/127.255.255.255, ::1
  [1m[36mUser Load (0.3ms)[0m  [1m[34mSELECT "users".* FROM "users" WHERE "users"."id" = $1 ORDER BY "users"."id" ASC LIMIT $2[0m  [["id", 1], ["LIMIT", 1]]
Processing by CategoriesController#index as HTML
  Rendering layout layouts/application.html.erb
  Rendering categories/index.html.erb within layouts/application
  [1m[36mCategory Load (1.7ms)[0m  [1m[34mSELECT "categories".* FROM "categories" WHERE "categories"."user_id" = $1[0m  [["user_id", 1]]
  ↳ app/views/categories/index.html.erb:12
  [1m[36mActiveStorage::Attachment Load (2.8ms)[0m  [1m[34mSELECT "active_storage_attachments".* FROM "active_storage_attachments" WHERE "active_storage_attachments"."record_id" = $1 AND "active_storage_attachments"."record_type" = $2 AND "active_storage_attachments"."name" = $3 LIMIT $4[0m  [["record_id", 1], ["record_type", "Category"], ["name", "image"], ["LIMIT", 1]]
  ↳ app/views/categories/_category.html.erb:3
  [1m[36mActiveStorage::Blob Load (2.8ms)[0m  [1m[34mSELECT "active_storage_blobs".* FROM "active_storage_blobs" WHERE "active_storage_blobs"."id" = $1 LIMIT $2[0m  [["id", 1], ["LIMIT", 1]]
  ↳ app/views/categories/_category.html.erb:3
  [1m[36mRecord Sum (6.2ms)[0m  [1m[34mSELECT SUM("records"."amount") FROM "records" INNER JOIN "category_records" ON "records"."id" = "category_records"."record_id" WHERE "category_records"."category_id" = $1[0m  [["category_id", 1]]
  ↳ app/models/category.rb:11:in `total_amount'
  Rendered categories/_category.html.erb (Duration: 124.8ms | Allocations: 40524)
  Rendered categories/index.html.erb within layouts/application (Duration: 141.8ms | Allocations: 47527)
  Rendered layout layouts/application.html.erb (Duration: 147.0ms | Allocations: 49781)
Completed 200 OK in 180ms (Views: 120.8ms | ActiveRecord: 28.9ms | Allocations: 64143)


Started GET "/rails/active_storage/blobs/redirect/eyJfcmFpbHMiOnsibWVzc2FnZSI6IkJBaHBCZz09IiwiZXhwIjpudWxsLCJwdXIiOiJibG9iX2lkIn19--c43c35ec29a2ee8d7104c8511d8db059d9c2dc29/school%20kid.jpg" for 192.168.128.1 at 2023-09-20 04:27:36 +0000
Cannot render console from 192.168.128.1! Allowed networks: 127.0.0.0/127.255.255.255, ::1
Processing by ActiveStorage::Blobs::RedirectController#show as JPEG
  Parameters: {"signed_id"=>"eyJfcmFpbHMiOnsibWVzc2FnZSI6IkJBaHBCZz09IiwiZXhwIjpudWxsLCJwdXIiOiJibG9iX2lkIn19--c43c35ec29a2ee8d7104c8511d8db059d9c2dc29", "filename"=>"school kid"}
  [1m[36mActiveStorage::Blob Load (0.6ms)[0m  [1m[34mSELECT "active_storage_blobs".* FROM "active_storage_blobs" WHERE "active_storage_blobs"."id" = $1 LIMIT $2[0m  [["id", 1], ["LIMIT", 1]]
[36m  Disk Storage (1.0ms) [0m[34mGenerated URL for file at key: rgs93dbj19xnkh1tbh7egbzxv3kp (http://localhost:3000/rails/active_storage/disk/eyJfcmFpbHMiOnsibWVzc2FnZSI6IkJBaDdDVG9JYTJWNVNTSWhjbWR6T1ROa1ltb3hPWGh1YTJneGRHSm9OMlZuWW5wNGRqTnJjQVk2QmtWVU9oQmthWE53YjNOcGRHbHZia2tpU1dsdWJHbHVaVHNnWm1sc1pXNWhiV1U5SW5OamFHOXZiQ0JyYVdRdWFuQm5JanNnWm1sc1pXNWhiV1VxUFZWVVJpMDRKeWR6WTJodmIyd2xNakJyYVdRdWFuQm5CanNHVkRvUlkyOXVkR1Z1ZEY5MGVYQmxTU0lQYVcxaFoyVXZhbkJsWndZN0JsUTZFWE5sY25acFkyVmZibUZ0WlRvS2JHOWpZV3c9IiwiZXhwIjoiMjAyMy0wOS0yMFQwNDozMjozNi45NzVaIiwicHVyIjoiYmxvYl9rZXkifX0=--4cc99e3ceead6428f54aefab812871a3bdaffe86/school%20kid.jpg)[0m
Redirected to http://localhost:3000/rails/active_storage/disk/eyJfcmFpbHMiOnsibWVzc2FnZSI6IkJBaDdDVG9JYTJWNVNTSWhjbWR6T1ROa1ltb3hPWGh1YTJneGRHSm9OMlZuWW5wNGRqTnJjQVk2QmtWVU9oQmthWE53YjNOcGRHbHZia2tpU1dsdWJHbHVaVHNnWm1sc1pXNWhiV1U5SW5OamFHOXZiQ0JyYVdRdWFuQm5JanNnWm1sc1pXNWhiV1VxUFZWVVJpMDRKeWR6WTJodmIyd2xNakJyYVdRdWFuQm5CanNHVkRvUlkyOXVkR1Z1ZEY5MGVYQmxTU0lQYVcxaFoyVXZhbkJsWndZN0JsUTZFWE5sY25acFkyVmZibUZ0WlRvS2JHOWpZV3c9IiwiZXhwIjoiMjAyMy0wOS0yMFQwNDozMjozNi45NzVaIiwicHVyIjoiYmxvYl9rZXkifX0=--4cc99e3ceead6428f54aefab812871a3bdaffe86/school%20kid.jpg
Completed 302 Found in 16ms (ActiveRecord: 0.6ms | Allocations: 3813)


  
ActionController::RoutingError (No route matches [GET] "/assets/font-awesome-sprockets"):
  
Started GET "/rails/active_storage/disk/eyJfcmFpbHMiOnsibWVzc2FnZSI6IkJBaDdDVG9JYTJWNVNTSWhjbWR6T1ROa1ltb3hPWGh1YTJneGRHSm9OMlZuWW5wNGRqTnJjQVk2QmtWVU9oQmthWE53YjNOcGRHbHZia2tpU1dsdWJHbHVaVHNnWm1sc1pXNWhiV1U5SW5OamFHOXZiQ0JyYVdRdWFuQm5JanNnWm1sc1pXNWhiV1VxUFZWVVJpMDRKeWR6WTJodmIyd2xNakJyYVdRdWFuQm5CanNHVkRvUlkyOXVkR1Z1ZEY5MGVYQmxTU0lQYVcxaFoyVXZhbkJsWndZN0JsUTZFWE5sY25acFkyVmZibUZ0WlRvS2JHOWpZV3c9IiwiZXhwIjoiMjAyMy0wOS0yMFQwNDozMjozNi45NzVaIiwicHVyIjoiYmxvYl9rZXkifX0=--4cc99e3ceead6428f54aefab812871a3bdaffe86/school%20kid.jpg" for 192.168.128.1 at 2023-09-20 04:27:37 +0000
Cannot render console from 192.168.128.1! Allowed networks: 127.0.0.0/127.255.255.255, ::1
  
ActionController::RoutingError (No route matches [GET] "/assets/font-awesome"):
  
Processing by ActiveStorage::DiskController#show as JPEG
  Parameters: {"encoded_key"=>"[FILTERED]", "filename"=>"school kid"}
Completed 200 OK in 1ms (ActiveRecord: 0.0ms | Allocations: 653)


